C:\FORMATION\ORSYS\DES.5J\EXERCICES\DOTNET\CPP\DEBUG\.NETFRAMEWORK,VERSION=V4.0.ASSEMBLYATTRIBUTES.OBJ
C:\FORMATION\ORSYS\DES.5J\EXERCICES\DOTNET\CPP\DEBUG\APP.RES
C:\FORMATION\ORSYS\DES.5J\EXERCICES\DOTNET\CPP\DEBUG\ASSEMBLYINFO.OBJ
C:\formation\orsys\DES.5j\exercices\dotnet\cpp\Debug\cl.command.1.tlog
C:\formation\orsys\DES.5j\exercices\dotnet\cpp\Debug\CL.read.1.tlog
C:\formation\orsys\DES.5j\exercices\dotnet\cpp\Debug\CL.write.1.tlog
C:\FORMATION\ORSYS\DES.5J\EXERCICES\DOTNET\CPP\DEBUG\CPP.EXE.INTERMEDIATE.MANIFEST
C:\FORMATION\ORSYS\DES.5J\EXERCICES\DOTNET\CPP\DEBUG\CPP.OBJ
C:\FORMATION\ORSYS\DES.5J\EXERCICES\DOTNET\CPP\DEBUG\CPP.PCH
C:\formation\orsys\DES.5j\exercices\dotnet\cpp\Debug\cpp.write.1.tlog
C:\FORMATION\ORSYS\DES.5J\EXERCICES\DOTNET\CPP\DEBUG\CUSTOMER.OBJ
C:\formation\orsys\DES.5j\exercices\dotnet\cpp\Debug\link.9860.read.1.tlog
C:\formation\orsys\DES.5j\exercices\dotnet\cpp\Debug\link.9860.write.1.tlog
C:\formation\orsys\DES.5j\exercices\dotnet\cpp\Debug\link.9860-cvtres.read.1.tlog
C:\formation\orsys\DES.5j\exercices\dotnet\cpp\Debug\link.9860-cvtres.write.1.tlog
C:\formation\orsys\DES.5j\exercices\dotnet\cpp\Debug\link.command.1.tlog
C:\formation\orsys\DES.5j\exercices\dotnet\cpp\Debug\link.read.1.tlog
C:\formation\orsys\DES.5j\exercices\dotnet\cpp\Debug\link.write.1.tlog
C:\FORMATION\ORSYS\DES.5J\EXERCICES\DOTNET\CPP\DEBUG\MOVIE.OBJ
C:\formation\orsys\DES.5j\exercices\dotnet\cpp\Debug\mt.command.1.tlog
C:\formation\orsys\DES.5j\exercices\dotnet\cpp\Debug\mt.read.1.tlog
C:\formation\orsys\DES.5j\exercices\dotnet\cpp\Debug\mt.write.1.tlog
C:\formation\orsys\DES.5j\exercices\dotnet\cpp\Debug\rc.command.1.tlog
C:\formation\orsys\DES.5j\exercices\dotnet\cpp\Debug\rc.read.1.tlog
C:\formation\orsys\DES.5j\exercices\dotnet\cpp\Debug\rc.write.1.tlog
C:\FORMATION\ORSYS\DES.5J\EXERCICES\DOTNET\CPP\DEBUG\RENTAL.OBJ
C:\FORMATION\ORSYS\DES.5J\EXERCICES\DOTNET\CPP\DEBUG\STDAFX.OBJ
C:\FORMATION\ORSYS\DES.5J\EXERCICES\DOTNET\CPP\DEBUG\VC100.PDB
C:\FORMATION\ORSYS\DES.5J\EXERCICES\DOTNET\DEBUG\CPP.EXE
C:\FORMATION\ORSYS\DES.5J\EXERCICES\DOTNET\DEBUG\CPP.ILK
C:\FORMATION\ORSYS\DES.5J\EXERCICES\DOTNET\DEBUG\CPP.PDB
