C:\FORMATION\VALTECH\ADP-2.0.0-FR-PRINTER\COURSEBOOK\EXERCICEMVP\MVP-MS\DEBUG\MVP-MS.EXE
C:\FORMATION\VALTECH\ADP-2.0.0-FR-PRINTER\COURSEBOOK\EXERCICEMVP\MVP-MS\DEBUG\MVP-MS.ILK
C:\FORMATION\VALTECH\ADP-2.0.0-FR-PRINTER\COURSEBOOK\EXERCICEMVP\MVP-MS\DEBUG\MVP-MS.PDB
C:\formation\valtech\ADP-2.0.0-Fr-Printer\CourseBook\exerciceMVP\mvp-ms\mvp-ms\Debug\cl.command.1.tlog
C:\formation\valtech\ADP-2.0.0-Fr-Printer\CourseBook\exerciceMVP\mvp-ms\mvp-ms\Debug\CL.read.1.tlog
C:\formation\valtech\ADP-2.0.0-Fr-Printer\CourseBook\exerciceMVP\mvp-ms\mvp-ms\Debug\CL.write.1.tlog
C:\FORMATION\VALTECH\ADP-2.0.0-FR-PRINTER\COURSEBOOK\EXERCICEMVP\MVP-MS\MVP-MS\DEBUG\IVIEWER.OBJ
C:\formation\valtech\ADP-2.0.0-Fr-Printer\CourseBook\exerciceMVP\mvp-ms\mvp-ms\Debug\link.command.1.tlog
C:\formation\valtech\ADP-2.0.0-Fr-Printer\CourseBook\exerciceMVP\mvp-ms\mvp-ms\Debug\link.read.1.tlog
C:\formation\valtech\ADP-2.0.0-Fr-Printer\CourseBook\exerciceMVP\mvp-ms\mvp-ms\Debug\link.write.1.tlog
C:\formation\valtech\ADP-2.0.0-Fr-Printer\CourseBook\exerciceMVP\mvp-ms\mvp-ms\Debug\link-cvtres.read.1.tlog
C:\formation\valtech\ADP-2.0.0-Fr-Printer\CourseBook\exerciceMVP\mvp-ms\mvp-ms\Debug\link-cvtres.write.1.tlog
C:\FORMATION\VALTECH\ADP-2.0.0-FR-PRINTER\COURSEBOOK\EXERCICEMVP\MVP-MS\MVP-MS\DEBUG\MAIN.OBJ
C:\formation\valtech\ADP-2.0.0-Fr-Printer\CourseBook\exerciceMVP\mvp-ms\mvp-ms\Debug\mt.command.1.tlog
C:\formation\valtech\ADP-2.0.0-Fr-Printer\CourseBook\exerciceMVP\mvp-ms\mvp-ms\Debug\mt.read.1.tlog
C:\formation\valtech\ADP-2.0.0-Fr-Printer\CourseBook\exerciceMVP\mvp-ms\mvp-ms\Debug\mt.write.1.tlog
C:\formation\valtech\ADP-2.0.0-Fr-Printer\CourseBook\exerciceMVP\mvp-ms\mvp-ms\Debug\mvp-ms.exe.embed.manifest
C:\FORMATION\VALTECH\ADP-2.0.0-FR-PRINTER\COURSEBOOK\EXERCICEMVP\MVP-MS\MVP-MS\DEBUG\MVP-MS.EXE.EMBED.MANIFEST.RES
C:\FORMATION\VALTECH\ADP-2.0.0-FR-PRINTER\COURSEBOOK\EXERCICEMVP\MVP-MS\MVP-MS\DEBUG\MVP-MS.EXE.INTERMEDIATE.MANIFEST
C:\formation\valtech\ADP-2.0.0-Fr-Printer\CourseBook\exerciceMVP\mvp-ms\mvp-ms\Debug\mvp-ms_manifest.rc
C:\FORMATION\VALTECH\ADP-2.0.0-FR-PRINTER\COURSEBOOK\EXERCICEMVP\MVP-MS\MVP-MS\DEBUG\PRESENTER.OBJ
C:\formation\valtech\ADP-2.0.0-Fr-Printer\CourseBook\exerciceMVP\mvp-ms\mvp-ms\Debug\rc.command.1.tlog
C:\formation\valtech\ADP-2.0.0-Fr-Printer\CourseBook\exerciceMVP\mvp-ms\mvp-ms\Debug\rc.read.1.tlog
C:\formation\valtech\ADP-2.0.0-Fr-Printer\CourseBook\exerciceMVP\mvp-ms\mvp-ms\Debug\rc.write.1.tlog
C:\FORMATION\VALTECH\ADP-2.0.0-FR-PRINTER\COURSEBOOK\EXERCICEMVP\MVP-MS\MVP-MS\DEBUG\UIVIEWER.OBJ
C:\formation\valtech\ADP-2.0.0-Fr-Printer\CourseBook\exerciceMVP\mvp-ms\mvp-ms\Debug\vc100.idb
C:\FORMATION\VALTECH\ADP-2.0.0-FR-PRINTER\COURSEBOOK\EXERCICEMVP\MVP-MS\MVP-MS\DEBUG\VC100.PDB
C:\formation\valtech\ADP-2.0.0-Fr-Printer\CourseBook\exerciceMVP\mvp-ms\mvp-ms\Debug\vc90.idb
C:\formation\valtech\ADP-2.0.0-Fr-Printer\CourseBook\exerciceMVP\mvp-ms\mvp-ms\Debug\vc90.pdb
